<?xml version="1.0" encoding="UTF-8"?>
<!-- Generated by org.testng.reporters.JUnitReportReporter -->
<testsuite hostname="LAPTOP-OQ5D6T00" failures="0" tests="2" name="BillingTest.Billing_Company_Deposit_Cash_Save_Company_Refund_Test" time="108.630" errors="0" timestamp="2024-01-08T19:56:35 IST" skipped="0">
  <testcase classname="BillingTest.Billing_Company_Deposit_Cash_Save_Company_Refund_Test" name="TC_01_Verify_Login" time="3.456"/>
  <testcase classname="BillingTest.Billing_Company_Deposit_Cash_Save_Company_Refund_Test" name="TC_02_Verify_Taht_User_Is_Able_To_Add_Company_Deposit_By_Cash" time="105.174"/>
</testsuite> <!-- BillingTest.Billing_Company_Deposit_Cash_Save_Company_Refund_Test -->
