<?xml version="1.0" encoding="UTF-8"?>
<!-- Generated by org.testng.reporters.JUnitReportReporter -->
<testsuite hostname="LAPTOP-OQ5D6T00" failures="0" tests="2" name="ADTTest.BedBlockingTest" time="62.166" errors="0" timestamp="2023-11-27T15:36:26 IST" skipped="0">
  <testcase classname="ADTTest.BedBlockingTest" name="Tc_02_Verify_User_Can_Able_TO_Do_Bed_Blocking" time="58.807"/>
  <testcase classname="ADTTest.BedBlockingTest" name="TC_01_verify_That_User_Is_Able_To_Login_ADT_Form_Bed_Blocking" time="3.359"/>
</testsuite> <!-- ADTTest.BedBlockingTest -->
