<?xml version="1.0" encoding="UTF-8"?>
<!-- Generated by org.testng.reporters.JUnitReportReporter -->
<testsuite hostname="LAPTOP-OQ5D6T00" failures="0" tests="2" name="BillingTest.Billing_Company_Deposit_Cash_Save_Company_Refund_Payment_Mode_Debit_Card_Test" time="119.473" errors="0" timestamp="2024-01-08T20:39:03 IST" skipped="0">
  <testcase classname="BillingTest.Billing_Company_Deposit_Cash_Save_Company_Refund_Payment_Mode_Debit_Card_Test" name="TC_01_Verify_Login" time="3.419"/>
  <testcase classname="BillingTest.Billing_Company_Deposit_Cash_Save_Company_Refund_Payment_Mode_Debit_Card_Test" name="TC_02_Verify_Taht_User_Is_Able_To_Add_Company_Deposit_By_Cash" time="116.054"/>
</testsuite> <!-- BillingTest.Billing_Company_Deposit_Cash_Save_Company_Refund_Payment_Mode_Debit_Card_Test -->
