<?xml version="1.0" encoding="UTF-8"?>
<!-- Generated by org.testng.reporters.JUnitReportReporter -->
<testsuite hostname="LAPTOP-OQ5D6T00" failures="0" tests="5" name="BillingTest.ADT_Req_IP_Bill_Add_Charges_Full_Settlement_Billing_Summary_Select_Patient_Send_Email_Test" time="458.569" errors="0" timestamp="2024-01-09T11:44:10 IST" skipped="0">
  <testcase classname="BillingTest.ADT_Req_IP_Bill_Add_Charges_Full_Settlement_Billing_Summary_Select_Patient_Send_Email_Test" name="TC_01_Verify_Login" time="3.463"/>
  <testcase classname="BillingTest.ADT_Req_IP_Bill_Add_Charges_Full_Settlement_Billing_Summary_Select_Patient_Send_Email_Test" name="TC_02_User_Able_To_Do_AdmissionRequestform" time="84.111"/>
  <testcase classname="BillingTest.ADT_Req_IP_Bill_Add_Charges_Full_Settlement_Billing_Summary_Select_Patient_Send_Email_Test" name="TC_03_User_Able_to_Do_ADTRegistartionForm" time="66.159"/>
  <testcase classname="BillingTest.ADT_Req_IP_Bill_Add_Charges_Full_Settlement_Billing_Summary_Select_Patient_Send_Email_Test" name="TC_04_Verify_User_Can_Fill_ADT_Admission_Form" time="176.269"/>
  <testcase classname="BillingTest.ADT_Req_IP_Bill_Add_Charges_Full_Settlement_Billing_Summary_Select_Patient_Send_Email_Test" name="TC_05_Verify_That_User_Is_Able_To_Send_Email_To_Patient_After_Bill_Completed" time="128.567"/>
</testsuite> <!-- BillingTest.ADT_Req_IP_Bill_Add_Charges_Full_Settlement_Billing_Summary_Select_Patient_Send_Email_Test -->
