<?xml version="1.0" encoding="UTF-8"?>
<!-- Generated by org.testng.reporters.JUnitReportReporter -->
<testsuite hostname="LAPTOP-OQ5D6T00" failures="0" tests="5" name="BillingTest.ADTRequested_save_Admission_Deposit_Add_against_patient_Save_Test" time="396.859" errors="0" timestamp="2023-12-19T11:24:00 IST" skipped="0">
  <testcase classname="BillingTest.ADTRequested_save_Admission_Deposit_Add_against_patient_Save_Test" name="TC_01_Verify_Login" time="3.273"/>
  <testcase classname="BillingTest.ADTRequested_save_Admission_Deposit_Add_against_patient_Save_Test" name="TC_02_User_Able_To_Do_AdmissionRequestform" time="80.545"/>
  <testcase classname="BillingTest.ADTRequested_save_Admission_Deposit_Add_against_patient_Save_Test" name="TC_03_User_Able_to_Do_ADTRegistartionForm" time="43.841"/>
  <testcase classname="BillingTest.ADTRequested_save_Admission_Deposit_Add_against_patient_Save_Test" name="TC_04_Verify_User_Can_Fill_ADT_Admission_Form" time="192.018"/>
  <testcase classname="BillingTest.ADTRequested_save_Admission_Deposit_Add_against_patient_Save_Test" name="TC_05_OPCharge_Screen" time="77.182"/>
</testsuite> <!-- BillingTest.ADTRequested_save_Admission_Deposit_Add_against_patient_Save_Test -->
