<?xml version="1.0" encoding="UTF-8"?>
<!-- Generated by org.testng.reporters.JUnitReportReporter -->
<testsuite hostname="LAPTOP-OQ5D6T00" failures="0" tests="2" name="InventoryTest.OpeningBalanceTest" time="72.960" errors="0" timestamp="2023-10-30T18:13:37 IST" skipped="0">
  <testcase classname="InventoryTest.OpeningBalanceTest" name="TC_03_Verify_That_User_can_Create_Opening_Balance" time="69.943"/>
  <testcase classname="InventoryTest.OpeningBalanceTest" name="TC_01_verify_That_User_Is_Able_To_Login_Medcare" time="3.017"/>
</testsuite> <!-- InventoryTest.OpeningBalanceTest -->
