<?xml version="1.0" encoding="UTF-8"?>
<!-- Generated by org.testng.reporters.JUnitReportReporter -->
<testsuite hostname="LAPTOP-OQ5D6T00" failures="0" tests="2" name="ADTTest.BedBlockingWith_Extended_BlockedDate" time="65.472" errors="0" timestamp="2023-11-27T18:04:21 IST" skipped="0">
  <testcase classname="ADTTest.BedBlockingWith_Extended_BlockedDate" name="TC_01_verify_That_User_Is_Able_To_Login_ADT_Form_Bed_Blocking" time="3.026"/>
  <testcase classname="ADTTest.BedBlockingWith_Extended_BlockedDate" name="Tc_02_Verify_User_Can_Able_TO_Do_Bed_Blocking" time="62.446"/>
</testsuite> <!-- ADTTest.BedBlockingWith_Extended_BlockedDate -->
