<?xml version="1.0" encoding="UTF-8"?>
<!-- Generated by org.testng.reporters.JUnitReportReporter -->
<testsuite hostname="LAPTOP-OQ5D6T00" failures="0" tests="5" name="BillingTest.Admission_Request_Insurance_Admission_Form_save_Admission_GL_Approval_IP_charge_Save_Charges_IP_Bill_Save" time="427.502" errors="0" timestamp="2023-12-28T12:26:47 IST" skipped="0">
  <testcase classname="BillingTest.Admission_Request_Insurance_Admission_Form_save_Admission_GL_Approval_IP_charge_Save_Charges_IP_Bill_Save" name="TC_01_Verify_Login" time="3.145"/>
  <testcase classname="BillingTest.Admission_Request_Insurance_Admission_Form_save_Admission_GL_Approval_IP_charge_Save_Charges_IP_Bill_Save" name="TC_02_User_Able_To_Do_AdmissionRequestform" time="78.158"/>
  <testcase classname="BillingTest.Admission_Request_Insurance_Admission_Form_save_Admission_GL_Approval_IP_charge_Save_Charges_IP_Bill_Save" name="TC_03_User_Able_to_Do_ADTRegistartionForm" time="43.947"/>
  <testcase classname="BillingTest.Admission_Request_Insurance_Admission_Form_save_Admission_GL_Approval_IP_charge_Save_Charges_IP_Bill_Save" name="TC_04_Verify_User_Can_Fill_ADT_Admission_Form_With_Insurance" time="104.500"/>
  <testcase classname="BillingTest.Admission_Request_Insurance_Admission_Form_save_Admission_GL_Approval_IP_charge_Save_Charges_IP_Bill_Save" name="TC_05_Verify_User_Can_DO_GL_Approval_For_IP_Charges_And_IPD_BILL_With_insurance" time="197.752"/>
</testsuite> <!-- BillingTest.Admission_Request_Insurance_Admission_Form_save_Admission_GL_Approval_IP_charge_Save_Charges_IP_Bill_Save -->
