<?xml version="1.0" encoding="UTF-8"?>
<!-- Generated by org.testng.reporters.JUnitReportReporter -->
<testsuite hostname="LAPTOP-OQ5D6T00" failures="0" tests="3" name="Test.OPD_Reg_ID_NEW_IC_With_VIP_Patient" time="382.214" errors="0" timestamp="2023-11-08T15:09:00 IST" skipped="0">
  <testcase classname="Test.OPD_Reg_ID_NEW_IC_With_VIP_Patient" name="TC_01_verify_That_User_Is_Able_To_Login_MedcareApplication" time="3.455"/>
  <testcase classname="Test.OPD_Reg_ID_NEW_IC_With_VIP_Patient" name="TC_03_Verify_That_User_Is_Able_TO_Fill_Encounter_Details" time="132.529"/>
  <testcase classname="Test.OPD_Reg_ID_NEW_IC_With_VIP_Patient" name="TC_02_Verify_That_User_Is_Able_Fill_The_Basic_Information_To_Registration_Page_WIth_VIP_Patient_for_NEW_IC" time="246.230"/>
</testsuite> <!-- Test.OPD_Reg_ID_NEW_IC_With_VIP_Patient -->
