<?xml version="1.0" encoding="UTF-8"?>
<!-- Generated by org.testng.reporters.JUnitReportReporter -->
<testsuite hostname="LAPTOP-OQ5D6T00" failures="0" tests="4" name="ADTTest.AdmissionRequestTest_For_OLD_IC" time="328.908" errors="0" timestamp="2023-11-21T14:22:16 IST" skipped="0">
  <testcase classname="ADTTest.AdmissionRequestTest_For_OLD_IC" name="TC_02_User_Able_To_Do_AdmissionRequest_With_OLD_IC_Primary_Identification" time="74.655"/>
  <testcase classname="ADTTest.AdmissionRequestTest_For_OLD_IC" name="TC_01_Verify_Login" time="3.403"/>
  <testcase classname="ADTTest.AdmissionRequestTest_For_OLD_IC" name="TC_04_Verify_User_Can_Fill_ADT_Admission_Form" time="207.834"/>
  <testcase classname="ADTTest.AdmissionRequestTest_For_OLD_IC" name="TC_03_User_Able_to_Do_ADTRegistartionForm" time="43.016"/>
</testsuite> <!-- ADTTest.AdmissionRequestTest_For_OLD_IC -->
