<?xml version="1.0" encoding="UTF-8"?>
<!-- Generated by org.testng.reporters.JUnitReportReporter -->
<testsuite hostname="LAPTOP-OQ5D6T00" failures="0" tests="2" name="ADTTest.ADTAdmissionListDashboard_Advanced_Search_By_Name" time="38.089" errors="0" timestamp="2023-11-30T10:18:06 IST" skipped="0">
  <testcase classname="ADTTest.ADTAdmissionListDashboard_Advanced_Search_By_Name" name="TC_01_verify_That_User_Is_Able_To_Login_ADT_Admission_Form_MedcareApplication" time="12.523"/>
  <testcase classname="ADTTest.ADTAdmissionListDashboard_Advanced_Search_By_Name" name="TC_02_Verify_That_User_Is_Able_To_Search_Admission_Record_Through_Advanced_Search_By_Name" time="25.566"/>
</testsuite> <!-- ADTTest.ADTAdmissionListDashboard_Advanced_Search_By_Name -->
