<?xml version="1.0" encoding="UTF-8"?>
<!-- Generated by org.testng.reporters.JUnitReportReporter -->
<testsuite hostname="LAPTOP-OQ5D6T00" failures="0" tests="2" name="BillingTest.Billing_Company_Deposit_Cash_Save_Test" time="57.160" errors="0" timestamp="2023-12-22T15:37:58 IST" skipped="0">
  <testcase classname="BillingTest.Billing_Company_Deposit_Cash_Save_Test" name="TC_01_Verify_Login" time="3.112"/>
  <testcase classname="BillingTest.Billing_Company_Deposit_Cash_Save_Test" name="TC_02_Verify_Taht_User_Is_Able_To_Add_Company_Deposit_By_Cash" time="54.048"/>
</testsuite> <!-- BillingTest.Billing_Company_Deposit_Cash_Save_Test -->
