<?xml version="1.0" encoding="UTF-8"?>
<!-- Generated by org.testng.reporters.JUnitReportReporter -->
<testsuite hostname="LAPTOP-OQ5D6T00" failures="0" tests="5" name="BillingTest.ADT_Req_IP_Bill_Add_Charges_Full_Settlement_Billing_Summary_Receipt_List_Cancel_Receipt_Invoice_Cancel_Invoice_Test" time="476.233" errors="0" timestamp="2024-01-05T13:45:05 IST" skipped="0">
  <testcase classname="BillingTest.ADT_Req_IP_Bill_Add_Charges_Full_Settlement_Billing_Summary_Receipt_List_Cancel_Receipt_Invoice_Cancel_Invoice_Test" name="TC_01_Verify_Login" time="3.838"/>
  <testcase classname="BillingTest.ADT_Req_IP_Bill_Add_Charges_Full_Settlement_Billing_Summary_Receipt_List_Cancel_Receipt_Invoice_Cancel_Invoice_Test" name="TC_02_User_Able_To_Do_AdmissionRequestform" time="85.423"/>
  <testcase classname="BillingTest.ADT_Req_IP_Bill_Add_Charges_Full_Settlement_Billing_Summary_Receipt_List_Cancel_Receipt_Invoice_Cancel_Invoice_Test" name="TC_03_User_Able_to_Do_ADTRegistartionForm" time="70.175"/>
  <testcase classname="BillingTest.ADT_Req_IP_Bill_Add_Charges_Full_Settlement_Billing_Summary_Receipt_List_Cancel_Receipt_Invoice_Cancel_Invoice_Test" name="TC_04_Verify_User_Can_Fill_ADT_Admission_Form" time="178.246"/>
  <testcase classname="BillingTest.ADT_Req_IP_Bill_Add_Charges_Full_Settlement_Billing_Summary_Receipt_List_Cancel_Receipt_Invoice_Cancel_Invoice_Test" name="TC_05_Verify_That_User_Is_Able_To_View_History_Of_Patient_After_Bill_Is_Completed" time="138.551"/>
</testsuite> <!-- BillingTest.ADT_Req_IP_Bill_Add_Charges_Full_Settlement_Billing_Summary_Receipt_List_Cancel_Receipt_Invoice_Cancel_Invoice_Test -->
