<?xml version="1.0" encoding="UTF-8"?>
<!-- Generated by org.testng.reporters.JUnitReportReporter -->
<testsuite hostname="LAPTOP-OQ5D6T00" failures="0" tests="2" name="ADTTest.ExistingAdmissionRequest_Advanced_Search_By_MRN" time="25.528" errors="0" timestamp="2023-11-24T12:22:49 IST" skipped="0">
  <testcase classname="ADTTest.ExistingAdmissionRequest_Advanced_Search_By_MRN" name="TC_02_Verify_That_User_Is_Able_To_Search_Existing_Admission_Record_Through_Advanced_Search_By_MRN" time="22.504"/>
  <testcase classname="ADTTest.ExistingAdmissionRequest_Advanced_Search_By_MRN" name="TC_01_verify_That_User_Is_Able_To_Login_ADT_Admission_Form_MedcareApplication" time="3.024"/>
</testsuite> <!-- ADTTest.ExistingAdmissionRequest_Advanced_Search_By_MRN -->
