<?xml version="1.0" encoding="UTF-8"?>
<!-- Generated by org.testng.reporters.JUnitReportReporter -->
<testsuite hostname="LAPTOP-OQ5D6T00" failures="0" tests="5" name="BillingTest.OPD_Reg_Encounter_ADT_OP_TO_IP_Deposit_Add_Against_Patient" time="750.498" errors="0" timestamp="2023-12-19T17:39:51 IST" skipped="0">
  <testcase classname="BillingTest.OPD_Reg_Encounter_ADT_OP_TO_IP_Deposit_Add_Against_Patient" name="TC_01_Verify_Login" time="3.591"/>
  <testcase classname="BillingTest.OPD_Reg_Encounter_ADT_OP_TO_IP_Deposit_Add_Against_Patient" name="TC_02_Verify_That_User_Is_Able_Fill_The_Basic_Information_To_Registration_Page" time="226.496"/>
  <testcase classname="BillingTest.OPD_Reg_Encounter_ADT_OP_TO_IP_Deposit_Add_Against_Patient" name="TC_03_Verify_That_User_Is_Able_TO_Fill_Encounter_Details" time="124.150"/>
  <testcase classname="BillingTest.OPD_Reg_Encounter_ADT_OP_TO_IP_Deposit_Add_Against_Patient" name="TC_04_Verify_User_Can_Fill_ADT_Admission_Form_Convert_Charges_For_OP_To_IP" time="318.442"/>
  <testcase classname="BillingTest.OPD_Reg_Encounter_ADT_OP_TO_IP_Deposit_Add_Against_Patient" name="TC_05_Verify_Taht_User_is_Able_To_Add_Deposit_Against_Patient" time="77.819"/>
</testsuite> <!-- BillingTest.OPD_Reg_Encounter_ADT_OP_TO_IP_Deposit_Add_Against_Patient -->
