<?xml version="1.0" encoding="UTF-8"?>
<!-- Generated by org.testng.reporters.JUnitReportReporter -->
<testsuite hostname="LAPTOP-OQ5D6T00" failures="0" tests="3" name="Test.OPD_Reg_With_OLD_IC" time="367.923" errors="0" timestamp="2023-11-08T10:43:40 IST" skipped="0">
  <testcase classname="Test.OPD_Reg_With_OLD_IC" name="TC_02_User_Can_Select_Primary_ID_AS_OLD_IC" time="238.078"/>
  <testcase classname="Test.OPD_Reg_With_OLD_IC" name="TC_03_Verify_That_User_Is_Able_TO_Fill_Encounter_Details" time="126.806"/>
  <testcase classname="Test.OPD_Reg_With_OLD_IC" name="TC_01_verify_That_User_Is_Able_To_Login_MedcareApplication" time="3.039"/>
</testsuite> <!-- Test.OPD_Reg_With_OLD_IC -->
