<?xml version="1.0" encoding="UTF-8"?>
<!-- Generated by org.testng.reporters.JUnitReportReporter -->
<testsuite hostname="LAPTOP-OQ5D6T00" failures="0" tests="5" name="BillingTest.OPD_Reg_Encounter_ADT_OP_TO_IP_COnvert_Add_Deposit_Add_Against_Account_Refund_AMT" time="832.886" errors="0" timestamp="2023-12-22T12:06:37 IST" skipped="0">
  <testcase classname="BillingTest.OPD_Reg_Encounter_ADT_OP_TO_IP_COnvert_Add_Deposit_Add_Against_Account_Refund_AMT" name="TC_01_Verify_Login" time="3.506"/>
  <testcase classname="BillingTest.OPD_Reg_Encounter_ADT_OP_TO_IP_COnvert_Add_Deposit_Add_Against_Account_Refund_AMT" name="TC_02_Verify_That_User_Is_Able_Fill_The_Basic_Information_To_Registration_Page" time="229.605"/>
  <testcase classname="BillingTest.OPD_Reg_Encounter_ADT_OP_TO_IP_COnvert_Add_Deposit_Add_Against_Account_Refund_AMT" name="TC_03_Verify_That_User_Is_Able_TO_Fill_Encounter_Details" time="126.024"/>
  <testcase classname="BillingTest.OPD_Reg_Encounter_ADT_OP_TO_IP_COnvert_Add_Deposit_Add_Against_Account_Refund_AMT" name="TC_04_Verify_User_Can_Fill_ADT_Admission_Form_Convert_Charges_For_OP_To_IP" time="320.889"/>
  <testcase classname="BillingTest.OPD_Reg_Encounter_ADT_OP_TO_IP_COnvert_Add_Deposit_Add_Against_Account_Refund_AMT" name="TC_05_Verify_Taht_User_is_Able_To_Add_Deposit_Against_Patient_And_Refund_Amount" time="152.862"/>
</testsuite> <!-- BillingTest.OPD_Reg_Encounter_ADT_OP_TO_IP_COnvert_Add_Deposit_Add_Against_Account_Refund_AMT -->
