<?xml version="1.0" encoding="UTF-8"?>
<!-- Generated by org.testng.reporters.JUnitReportReporter -->
<testsuite hostname="LAPTOP-OQ5D6T00" failures="0" tests="2" name="Test.Quick_Registration_Test" time="148.829" errors="0" timestamp="2023-11-23T12:40:10 IST" skipped="0">
  <testcase classname="Test.Quick_Registration_Test" name="TC_02_Verify_That_User_Is_Able_To_Do_Quick_Registration" time="145.239"/>
  <testcase classname="Test.Quick_Registration_Test" name="TC_01_verify_That_User_Is_Able_To_Login_MedcareApplication" time="3.590"/>
</testsuite> <!-- Test.Quick_Registration_Test -->
