<?xml version="1.0" encoding="UTF-8"?>
<!-- Generated by org.testng.reporters.JUnitReportReporter -->
<testsuite hostname="LAPTOP-OQ5D6T00" failures="0" tests="5" name="BillingTest.ADTRequested_save_Admission_Deposit_Add_against_Account_Test" time="409.371" errors="0" timestamp="2023-12-19T14:20:32 IST" skipped="0">
  <testcase classname="BillingTest.ADTRequested_save_Admission_Deposit_Add_against_Account_Test" name="TC_01_Verify_Login" time="3.651"/>
  <testcase classname="BillingTest.ADTRequested_save_Admission_Deposit_Add_against_Account_Test" name="TC_02_User_Able_To_Do_AdmissionRequestform" time="82.585"/>
  <testcase classname="BillingTest.ADTRequested_save_Admission_Deposit_Add_against_Account_Test" name="TC_03_User_Able_to_Do_ADTRegistartionForm" time="44.034"/>
  <testcase classname="BillingTest.ADTRequested_save_Admission_Deposit_Add_against_Account_Test" name="TC_04_Verify_User_Can_Fill_ADT_Admission_Form" time="193.843"/>
  <testcase classname="BillingTest.ADTRequested_save_Admission_Deposit_Add_against_Account_Test" name="TC_05_Verify_That_User_is_Able_to_Add_Deposit_Against_Account" time="85.258"/>
</testsuite> <!-- BillingTest.ADTRequested_save_Admission_Deposit_Add_against_Account_Test -->
