<?xml version="1.0" encoding="UTF-8"?>
<!-- Generated by org.testng.reporters.JUnitReportReporter -->
<testsuite hostname="LAPTOP-OQ5D6T00" failures="0" tests="2" name="ADTTest.BedViewsTest" time="33.959" errors="0" timestamp="2023-11-27T18:21:01 IST" skipped="0">
  <testcase classname="ADTTest.BedViewsTest" name="TC_01_verify_That_User_Is_Able_To_Login_Medcare" time="3.084"/>
  <testcase classname="ADTTest.BedViewsTest" name="TC_02_verify_User_Can_see_Bed_Details" time="30.875"/>
</testsuite> <!-- ADTTest.BedViewsTest -->
