<?xml version="1.0" encoding="UTF-8"?>
<!-- Generated by org.testng.reporters.JUnitReportReporter -->
<testsuite hostname="LAPTOP-OQ5D6T00" failures="0" tests="2" name="BillingTest.IP_Charge_Advanced_Search_Test" time="52.144" errors="0" timestamp="2023-12-06T19:17:53 IST" skipped="0">
  <testcase classname="BillingTest.IP_Charge_Advanced_Search_Test" name="TC_01_Verify_Login" time="3.365"/>
  <testcase classname="BillingTest.IP_Charge_Advanced_Search_Test" name="Verify_That_User_Is_Able_to_Search_IP_Patient_IN_IP_ChargeScreen_Advanced_Search" time="48.779"/>
</testsuite> <!-- BillingTest.IP_Charge_Advanced_Search_Test -->
