<?xml version="1.0" encoding="UTF-8"?>
<!-- Generated by org.testng.reporters.JUnitReportReporter -->
<testsuite hostname="LAPTOP-OQ5D6T00" failures="0" tests="2" name="BillingTest.OPPatientSelf_DepositTest" time="151.565" errors="0" timestamp="2023-12-18T11:31:29 IST" skipped="0">
  <testcase classname="BillingTest.OPPatientSelf_DepositTest" name="TC_01_Verify_Login" time="3.347"/>
  <testcase classname="BillingTest.OPPatientSelf_DepositTest" name="TC_02_OPCharge_Screen" time="148.218"/>
</testsuite> <!-- BillingTest.OPPatientSelf_DepositTest -->
