<?xml version="1.0" encoding="UTF-8"?>
<!-- Generated by org.testng.reporters.JUnitReportReporter -->
<testsuite hostname="LAPTOP-OQ5D6T00" failures="0" tests="5" name="BillingTest.ADT_REQ_Self_IP_Bill_Add_Charges_Against_Self_Final_Bill_Charge_Verification_Search_Patient_Test" time="426.665" errors="0" timestamp="2024-01-09T18:00:24 IST" skipped="0">
  <testcase classname="BillingTest.ADT_REQ_Self_IP_Bill_Add_Charges_Against_Self_Final_Bill_Charge_Verification_Search_Patient_Test" name="TC_01_Verify_Login" time="3.119"/>
  <testcase classname="BillingTest.ADT_REQ_Self_IP_Bill_Add_Charges_Against_Self_Final_Bill_Charge_Verification_Search_Patient_Test" name="TC_02_User_Able_To_Do_AdmissionRequestform" time="81.190"/>
  <testcase classname="BillingTest.ADT_REQ_Self_IP_Bill_Add_Charges_Against_Self_Final_Bill_Charge_Verification_Search_Patient_Test" name="TC_03_User_Able_to_Do_ADTRegistartionForm" time="63.058"/>
  <testcase classname="BillingTest.ADT_REQ_Self_IP_Bill_Add_Charges_Against_Self_Final_Bill_Charge_Verification_Search_Patient_Test" name="TC_04_Verify_User_Can_Fill_ADT_Admission_Form" time="173.109"/>
  <testcase classname="BillingTest.ADT_REQ_Self_IP_Bill_Add_Charges_Against_Self_Final_Bill_Charge_Verification_Search_Patient_Test" name="TC_05_Verify_That_User_Is_Able_To_View_Bill_After_Bill_Charge_Verification_Search_Patien" time="106.189"/>
</testsuite> <!-- BillingTest.ADT_REQ_Self_IP_Bill_Add_Charges_Against_Self_Final_Bill_Charge_Verification_Search_Patient_Test -->
