<?xml version="1.0" encoding="UTF-8"?>
<!-- Generated by org.testng.reporters.JUnitReportReporter -->
<testsuite hostname="LAPTOP-OQ5D6T00" failures="0" tests="5" name="BillingTest.Admission_Request_Insurance_Admission_Form_save_Admission_GL_Approval_IP_charge_Save_Charges_IP_Bill_Apply_Group_Discount" time="444.343" errors="0" timestamp="2023-12-28T15:13:23 IST" skipped="0">
  <testcase classname="BillingTest.Admission_Request_Insurance_Admission_Form_save_Admission_GL_Approval_IP_charge_Save_Charges_IP_Bill_Apply_Group_Discount" name="TC_01_Verify_Login" time="3.452"/>
  <testcase classname="BillingTest.Admission_Request_Insurance_Admission_Form_save_Admission_GL_Approval_IP_charge_Save_Charges_IP_Bill_Apply_Group_Discount" name="TC_02_User_Able_To_Do_AdmissionRequestform" time="74.959"/>
  <testcase classname="BillingTest.Admission_Request_Insurance_Admission_Form_save_Admission_GL_Approval_IP_charge_Save_Charges_IP_Bill_Apply_Group_Discount" name="TC_03_User_Able_to_Do_ADTRegistartionForm" time="44.155"/>
  <testcase classname="BillingTest.Admission_Request_Insurance_Admission_Form_save_Admission_GL_Approval_IP_charge_Save_Charges_IP_Bill_Apply_Group_Discount" name="TC_04_Verify_User_Can_Fill_ADT_Admission_Form_With_Insurance" time="105.467"/>
  <testcase classname="BillingTest.Admission_Request_Insurance_Admission_Form_save_Admission_GL_Approval_IP_charge_Save_Charges_IP_Bill_Apply_Group_Discount" name="TC_05_Verify_User_Can_DO_GL_Approval_For_IP_Charges_And_IPD_BILL_Apply_GroupDiscount" time="216.310"/>
</testsuite> <!-- BillingTest.Admission_Request_Insurance_Admission_Form_save_Admission_GL_Approval_IP_charge_Save_Charges_IP_Bill_Apply_Group_Discount -->
