<?xml version="1.0" encoding="UTF-8"?>
<!-- Generated by org.testng.reporters.JUnitReportReporter -->
<testsuite hostname="LAPTOP-OQ5D6T00" failures="0" tests="3" name="Test.OPD_Reg_With_Primary_id_NEW_IC" time="365.583" errors="0" timestamp="2023-11-08T10:33:08 IST" skipped="0">
  <testcase classname="Test.OPD_Reg_With_Primary_id_NEW_IC" name="TC_01_verify_That_User_Is_Able_To_Login_MedcareApplication" time="3.082"/>
  <testcase classname="Test.OPD_Reg_With_Primary_id_NEW_IC" name="TC_03_Verify_That_User_Is_Able_TO_Fill_Encounter_Details" time="126.389"/>
  <testcase classname="Test.OPD_Reg_With_Primary_id_NEW_IC" name="TC_02_User_Can_Select_Primary_ID_AS_NEW_IC" time="236.112"/>
</testsuite> <!-- Test.OPD_Reg_With_Primary_id_NEW_IC -->
