<?xml version="1.0" encoding="UTF-8"?>
<!-- Generated by org.testng.reporters.JUnitReportReporter -->
<testsuite hostname="LAPTOP-OQ5D6T00" failures="0" tests="1" name="Pages.Login" time="8.154" errors="0" timestamp="2023-10-09T16:31:45 IST" skipped="0">
  <testcase classname="Pages.Login" name="login_Medcare" time="8.154"/>
</testsuite> <!-- Pages.Login -->
