<?xml version="1.0" encoding="UTF-8"?>
<!-- Generated by org.testng.reporters.JUnitReportReporter -->
<testsuite hostname="LAPTOP-OQ5D6T00" failures="0" tests="2" name="AppointmentTest.Advanced_Search_Of_Appointment_By_Name" time="38.759" errors="0" timestamp="2023-11-10T16:04:40 IST" skipped="0">
  <testcase classname="AppointmentTest.Advanced_Search_Of_Appointment_By_Name" name="TC_01_verify_That_User_Is_Able_To_Login_MedcareApplication" time="3.544"/>
  <testcase classname="AppointmentTest.Advanced_Search_Of_Appointment_By_Name" name="TC_02_Verify_That_User_Can_Search_Appoint_Using_Advanced_Search_By_Name" time="35.215"/>
</testsuite> <!-- AppointmentTest.Advanced_Search_Of_Appointment_By_Name -->
