<?xml version="1.0" encoding="UTF-8"?>
<!-- Generated by org.testng.reporters.JUnitReportReporter -->
<testsuite hostname="LAPTOP-OQ5D6T00" failures="0" tests="5" name="BillingTest.ADTRequested_save_Admission_Deposit_Add_against_Account_Save_Refund_Test" time="471.053" errors="0" timestamp="2023-12-21T11:41:16 IST" skipped="0">
  <testcase classname="BillingTest.ADTRequested_save_Admission_Deposit_Add_against_Account_Save_Refund_Test" name="TC_01_Verify_Login" time="3.300"/>
  <testcase classname="BillingTest.ADTRequested_save_Admission_Deposit_Add_against_Account_Save_Refund_Test" name="TC_02_User_Able_To_Do_AdmissionRequestform" time="81.257"/>
  <testcase classname="BillingTest.ADTRequested_save_Admission_Deposit_Add_against_Account_Save_Refund_Test" name="TC_03_User_Able_to_Do_ADTRegistartionForm" time="43.290"/>
  <testcase classname="BillingTest.ADTRequested_save_Admission_Deposit_Add_against_Account_Save_Refund_Test" name="TC_04_Verify_User_Can_Fill_ADT_Admission_Form" time="193.365"/>
  <testcase classname="BillingTest.ADTRequested_save_Admission_Deposit_Add_against_Account_Save_Refund_Test" name="TC_05_Verify_Taht_User_is_Able_To_Add_Deposit_Against_Patient_Save_refund" time="149.841"/>
</testsuite> <!-- BillingTest.ADTRequested_save_Admission_Deposit_Add_against_Account_Save_Refund_Test -->
