<?xml version="1.0" encoding="UTF-8"?>
<!-- Generated by org.testng.reporters.JUnitReportReporter -->
<testsuite hostname="LAPTOP-OQ5D6T00" failures="0" tests="5" name="BillingTest.ADTRequest_AdmissionForm_saveAdmission_IPcharge_SaveCharges_IPBill_Full_Settlement_Cash" time="439.442" errors="0" timestamp="2023-12-12T15:18:51 IST" skipped="0">
  <testcase classname="BillingTest.ADTRequest_AdmissionForm_saveAdmission_IPcharge_SaveCharges_IPBill_Full_Settlement_Cash" name="TC_01_Verify_Login" time="3.017"/>
  <testcase classname="BillingTest.ADTRequest_AdmissionForm_saveAdmission_IPcharge_SaveCharges_IPBill_Full_Settlement_Cash" name="TC_02_User_Able_To_Do_AdmissionRequestform" time="82.433"/>
  <testcase classname="BillingTest.ADTRequest_AdmissionForm_saveAdmission_IPcharge_SaveCharges_IPBill_Full_Settlement_Cash" name="TC_03_User_Able_to_Do_ADTRegistartionForm" time="43.457"/>
  <testcase classname="BillingTest.ADTRequest_AdmissionForm_saveAdmission_IPcharge_SaveCharges_IPBill_Full_Settlement_Cash" name="TC_04_Verify_User_Can_Fill_ADT_Admission_Form" time="191.327"/>
  <testcase classname="BillingTest.ADTRequest_AdmissionForm_saveAdmission_IPcharge_SaveCharges_IPBill_Full_Settlement_Cash" name="TC_05_Verify_That_User_Is_Able_to_Save_IP_Charges_Then_Create_IP_BILL_FullSettelment_Cash_For_Patient" time="119.208"/>
</testsuite> <!-- BillingTest.ADTRequest_AdmissionForm_saveAdmission_IPcharge_SaveCharges_IPBill_Full_Settlement_Cash -->
