<?xml version="1.0" encoding="UTF-8"?>
<!-- Generated by org.testng.reporters.JUnitReportReporter -->
<testsuite hostname="LAPTOP-OQ5D6T00" failures="0" tests="5" name="BillingTest.AdmissionRequest_Insurance_GLApproval_AdmissionForm_IPcharge" time="363.068" errors="0" timestamp="2023-12-26T15:22:35 IST" skipped="0">
  <testcase classname="BillingTest.AdmissionRequest_Insurance_GLApproval_AdmissionForm_IPcharge" name="TC_01_Verify_Login" time="3.379"/>
  <testcase classname="BillingTest.AdmissionRequest_Insurance_GLApproval_AdmissionForm_IPcharge" name="TC_02_User_Able_To_Do_AdmissionRequestform" time="76.895"/>
  <testcase classname="BillingTest.AdmissionRequest_Insurance_GLApproval_AdmissionForm_IPcharge" name="TC_03_User_Able_to_Do_ADTRegistartionForm" time="44.024"/>
  <testcase classname="BillingTest.AdmissionRequest_Insurance_GLApproval_AdmissionForm_IPcharge" name="TC_04_Verify_User_Can_Fill_ADT_Admission_Form_With_Insurance" time="105.228"/>
  <testcase classname="BillingTest.AdmissionRequest_Insurance_GLApproval_AdmissionForm_IPcharge" name="TC_05_Verify_User_Can_DO_GL_Approval_For_IP_Charges_With_insurance" time="133.542"/>
</testsuite> <!-- BillingTest.AdmissionRequest_Insurance_GLApproval_AdmissionForm_IPcharge -->
