<?xml version="1.0" encoding="UTF-8"?>
<!-- Generated by org.testng.reporters.JUnitReportReporter -->
<testsuite hostname="LAPTOP-OQ5D6T00" failures="0" tests="3" name="BillingTest.OP_REG_Patient_OP_Bill_FInal_bill_Charge_Verification_Search_patient_Test" time="244.970" errors="0" timestamp="2024-01-11T12:11:30 IST" skipped="0">
  <testcase classname="BillingTest.OP_REG_Patient_OP_Bill_FInal_bill_Charge_Verification_Search_patient_Test" name="TC_01_Verify_Login" time="3.588"/>
  <testcase classname="BillingTest.OP_REG_Patient_OP_Bill_FInal_bill_Charge_Verification_Search_patient_Test" name="TC_02_Verify_That_User_Is_Able_To_Do_Quick_Registration" time="113.632"/>
  <testcase classname="BillingTest.OP_REG_Patient_OP_Bill_FInal_bill_Charge_Verification_Search_patient_Test" name="TC_03_Verify_That_User_Can_Verify_That_Charge_Verification_For_OP_BILL" time="127.750"/>
</testsuite> <!-- BillingTest.OP_REG_Patient_OP_Bill_FInal_bill_Charge_Verification_Search_patient_Test -->
