<?xml version="1.0" encoding="UTF-8"?>
<!-- Generated by org.testng.reporters.JUnitReportReporter -->
<testsuite hostname="LAPTOP-OQ5D6T00" failures="0" tests="5" name="BillingTest.ADTRequest_AdmissionForm_saveAdmission_IPBill_AddCharges_ApplyDiscount_FullSettlement" time="415.347" errors="0" timestamp="2023-12-13T17:56:30 IST" skipped="0">
  <testcase classname="BillingTest.ADTRequest_AdmissionForm_saveAdmission_IPBill_AddCharges_ApplyDiscount_FullSettlement" name="TC_01_Verify_Login" time="3.047"/>
  <testcase classname="BillingTest.ADTRequest_AdmissionForm_saveAdmission_IPBill_AddCharges_ApplyDiscount_FullSettlement" name="TC_02_User_Able_To_Do_AdmissionRequestform" time="81.352"/>
  <testcase classname="BillingTest.ADTRequest_AdmissionForm_saveAdmission_IPBill_AddCharges_ApplyDiscount_FullSettlement" name="TC_03_User_Able_to_Do_ADTRegistartionForm" time="43.260"/>
  <testcase classname="BillingTest.ADTRequest_AdmissionForm_saveAdmission_IPBill_AddCharges_ApplyDiscount_FullSettlement" name="TC_04_Verify_User_Can_Fill_ADT_Admission_Form" time="191.815"/>
  <testcase classname="BillingTest.ADTRequest_AdmissionForm_saveAdmission_IPBill_AddCharges_ApplyDiscount_FullSettlement" name="TC_05_Verify_That_User_Is_Able_Create_IP_BILL_FullSettelment_Apply_Discount" time="95.873"/>
</testsuite> <!-- BillingTest.ADTRequest_AdmissionForm_saveAdmission_IPBill_AddCharges_ApplyDiscount_FullSettlement -->
