<?xml version="1.0" encoding="UTF-8"?>
<!-- Generated by org.testng.reporters.JUnitReportReporter -->
<testsuite hostname="LAPTOP-OQ5D6T00" failures="0" tests="2" name="Test.Encounter_List_Advanced_Search_Screen" time="34.160" errors="0" timestamp="2023-11-10T11:30:57 IST" skipped="0">
  <testcase classname="Test.Encounter_List_Advanced_Search_Screen" name="TC_02_Verify_That_User_Is_Able_TO_Seacrh_Record_Through_Advanced_Search" time="31.109"/>
  <testcase classname="Test.Encounter_List_Advanced_Search_Screen" name="TC_01_verify_That_User_Is_Able_To_Login_MedcareApplication" time="3.051"/>
</testsuite> <!-- Test.Encounter_List_Advanced_Search_Screen -->
