<?xml version="1.0" encoding="UTF-8"?>
<!-- Generated by org.testng.reporters.JUnitReportReporter -->
<testsuite hostname="LAPTOP-OQ5D6T00" failures="0" tests="5" name="BillingTest.ADTRequest_AdmissionForm_saveAdmission_IPBill_PartialSettlement" time="440.659" errors="0" timestamp="2023-12-15T14:36:08 IST" skipped="0">
  <testcase classname="BillingTest.ADTRequest_AdmissionForm_saveAdmission_IPBill_PartialSettlement" name="TC_01_Verify_Login" time="3.401"/>
  <testcase classname="BillingTest.ADTRequest_AdmissionForm_saveAdmission_IPBill_PartialSettlement" name="TC_02_User_Able_To_Do_AdmissionRequestform" time="83.259"/>
  <testcase classname="BillingTest.ADTRequest_AdmissionForm_saveAdmission_IPBill_PartialSettlement" name="TC_03_User_Able_to_Do_ADTRegistartionForm" time="43.857"/>
  <testcase classname="BillingTest.ADTRequest_AdmissionForm_saveAdmission_IPBill_PartialSettlement" name="TC_04_Verify_User_Can_Fill_ADT_Admission_Form" time="193.433"/>
  <testcase classname="BillingTest.ADTRequest_AdmissionForm_saveAdmission_IPBill_PartialSettlement" name="TC_05_Verify_That_User_Is_Able_Create_IP_BILL_With_Partial_Settlement" time="116.709"/>
</testsuite> <!-- BillingTest.ADTRequest_AdmissionForm_saveAdmission_IPBill_PartialSettlement -->
