<?xml version="1.0" encoding="UTF-8"?>
<!-- Generated by org.testng.reporters.JUnitReportReporter -->
<testsuite hostname="LAPTOP-OQ5D6T00" failures="0" tests="2" name="ADTTest.BedViewsTest_By_Status" time="34.179" errors="0" timestamp="2023-11-28T14:34:17 IST" skipped="0">
  <testcase classname="ADTTest.BedViewsTest_By_Status" name="TC_01_verify_That_User_Is_Able_To_Login_Medcare" time="3.059"/>
  <testcase classname="ADTTest.BedViewsTest_By_Status" name="TC_02_verify_That_User_Can_see_Bed_Details_By_Selecting_Status" time="31.120"/>
</testsuite> <!-- ADTTest.BedViewsTest_By_Status -->
